<?xml version="1.0" encoding="utf-8"?><testsuites name="pytest tests"><testsuite name="pytest" errors="0" failures="0" skipped="0" tests="69" time="24.599" timestamp="2026-09-08T14:49:05.784328-05:00" hostname="DESKTOP-S2N4JO9"><testcase classname="tests.test_etcd" name="test_put_get_and_conditional_transactions" file="tests\test_etcd.py" line="68" time="2.984"><properties><property name="transaction" value="put/get; CAS accepted; stale CAS rejected; value unchanged" /></properties></testcase><testcase classname="tests.test_etcd" name="test_lease_creation_and_real_expiry" file="tests\test_etcd.py" line="90" time="2.305"><properties><property name="observed_expiry_seconds" value="2.25" /></properties></testcase><testcase classname="tests.test_etcd" name="test_lock_unlock_and_obsolete_ownership_rejected" file="tests\test_etcd.py" line="101" time="0.357"><properties><property name="fencing" value="create_revision compared inside Txn; obsolete owner rejected" /></properties></testcase><testcase classname="tests.test_etcd" name="test_watch_receives_real_event" file="tests\test_etcd.py" line="125" time="0.041"><properties><property name="watch_revision" value="11" /></properties></testcase><testcase classname="tests.test_etcd" name="test_mtls_identity_and_rbac_are_enforced" file="tests\test_etcd.py" line="147" time="0.315" /><testcase classname="tests.test_etcd" name="test_unavailable_service_has_controlled_error" file="tests\test_etcd.py" line="165" time="3.235"><properties><property name="controlled_unavailability" value="{&quot;status&quot;: &quot;FALLIDO&quot;, &quot;code&quot;: &quot;UNAVAILABLE&quot;, &quot;reason&quot;: &quot;UNAVAILABLE&quot;}" /></properties></testcase><testcase classname="tests.test_local_storage" name="test_sqlite_persistence_and_rollback_without_etcd" file="tests\test_local_storage.py" line="6" time="0.023" /><testcase classname="tests.test_security" name="test_authenticated_encryption_and_tamper_rejection" file="tests\test_security.py" line="9" time="0.000" /><testcase classname="tests.test_security" name="test_argon2id_password_verification" file="tests\test_security.py" line="21" time="0.045" /><testcase classname="tests.test_transport" name="test_separate_client_process_tls_and_bounded_stream[False]" file="tests\test_transport.py" line="23" time="0.718"><properties><property name="diagnostic" value="{&quot;status&quot;: &quot;EJECUTADO&quot;, &quot;version&quot;: &quot;0.2.0&quot;, &quot;listener&quot;: &quot;public&quot;, &quot;diagnostic_ready&quot;: true, &quot;filesystem_implemented&quot;: false, &quot;uploaded_bytes&quot;: 8388625, &quot;downloaded_bytes&quot;: 8388625, &quot;sha256&quot;: &quot;e31b61e09bc1fc5a20361509e968a8fb77f2f4b299a2abc3e40b881b5e889ffc&quot;, &quot;chunks&quot;: 33, &quot;max_chunk_bytes&quot;: 262144}" /></properties></testcase><testcase classname="tests.test_transport" name="test_separate_client_process_tls_and_bounded_stream[True]" file="tests\test_transport.py" line="23" time="0.511"><properties><property name="diagnostic" value="{&quot;status&quot;: &quot;EJECUTADO&quot;, &quot;version&quot;: &quot;0.2.0&quot;, &quot;listener&quot;: &quot;internal&quot;, &quot;diagnostic_ready&quot;: true, &quot;filesystem_implemented&quot;: false, &quot;uploaded_bytes&quot;: 8388625, &quot;downloaded_bytes&quot;: 8388625, &quot;sha256&quot;: &quot;e31b61e09bc1fc5a20361509e968a8fb77f2f4b299a2abc3e40b881b5e889ffc&quot;, &quot;chunks&quot;: 33, &quot;max_chunk_bytes&quot;: 262144}" /></properties></testcase><testcase classname="tests.test_transport" name="test_tls_rejects_untrusted_or_missing_certificate[public_target-None-rogue-ca]" file="tests\test_transport.py" line="42" time="0.004" /><testcase classname="tests.test_transport" name="test_tls_rejects_untrusted_or_missing_certificate[internal_target-None-ca]" file="tests\test_transport.py" line="42" time="0.003" /><testcase classname="tests.test_transport" name="test_tls_rejects_untrusted_or_missing_certificate[internal_target-rogue-client-ca]" file="tests\test_transport.py" line="42" time="0.005" /><testcase classname="tests.test_transport" name="test_tls_rejects_wrong_server_san" file="tests\test_transport.py" line="55" time="0.015" /><testcase classname="tests.test_transport" name="test_stream_rejects_invalid_input[missing_header-StatusCode.INVALID_ARGUMENT-INVALID_ARGUMENT]" file="tests\test_transport.py" line="72" time="0.257" /><testcase classname="tests.test_transport" name="test_stream_rejects_invalid_input[offset-StatusCode.INVALID_ARGUMENT-INVALID_ARGUMENT]" file="tests\test_transport.py" line="72" time="0.256" /><testcase classname="tests.test_transport" name="test_stream_rejects_invalid_input[oversized-StatusCode.RESOURCE_EXHAUSTED-LIMIT_EXCEEDED]" file="tests\test_transport.py" line="72" time="0.258" /><testcase classname="tests.test_transport" name="test_stream_rejects_invalid_input[checksum-StatusCode.DATA_LOSS-CHECKSUM_MISMATCH]" file="tests\test_transport.py" line="72" time="0.258" /><testcase classname="tests.test_transport" name="test_stream_rejects_invalid_input[short-StatusCode.INVALID_ARGUMENT-INVALID_ARGUMENT]" file="tests\test_transport.py" line="72" time="0.257" /><testcase classname="tests.test_transport" name="test_transport_message_limit" file="tests\test_transport.py" line="92" time="0.257" /><testcase classname="tests.test_transport" name="test_client_deadline_interrupts_stream" file="tests\test_transport.py" line="99" time="0.103" /><testcase classname="tests.test_transport" name="test_all_future_rpcs_are_unimplemented[AuthenticationService.Login]" file="tests\test_transport.py" line="115" time="0.256" /><testcase classname="tests.test_transport" name="test_all_future_rpcs_are_unimplemented[AuthenticationService.Logout]" file="tests\test_transport.py" line="115" time="0.256" /><testcase classname="tests.test_transport" name="test_all_future_rpcs_are_unimplemented[AuthenticationService.RefreshSession]" file="tests\test_transport.py" line="115" time="0.256" /><testcase classname="tests.test_transport" name="test_all_future_rpcs_are_unimplemented[IdentityService.CreateUser]" file="tests\test_transport.py" line="115" time="0.256" /><testcase classname="tests.test_transport" name="test_all_future_rpcs_are_unimplemented[IdentityService.SetUser]" file="tests\test_transport.py" line="115" time="0.255" /><testcase classname="tests.test_transport" name="test_all_future_rpcs_are_unimplemented[IdentityService.CreateGroup]" file="tests\test_transport.py" line="115" time="0.256" /><testcase classname="tests.test_transport" name="test_all_future_rpcs_are_unimplemented[IdentityService.SetGroupMembers]" file="tests\test_transport.py" line="115" time="0.257" /><testcase classname="tests.test_transport" name="test_all_future_rpcs_are_unimplemented[IdentityService.GetAcl]" file="tests\test_transport.py" line="115" time="0.256" /><testcase classname="tests.test_transport" name="test_all_future_rpcs_are_unimplemented[IdentityService.SetAcl]" file="tests\test_transport.py" line="115" time="0.257" /><testcase classname="tests.test_transport" name="test_all_future_rpcs_are_unimplemented[NamespaceService.List]" file="tests\test_transport.py" line="115" time="0.256" /><testcase classname="tests.test_transport" name="test_all_future_rpcs_are_unimplemented[NamespaceService.Stat]" file="tests\test_transport.py" line="115" time="0.257" /><testcase classname="tests.test_transport" name="test_all_future_rpcs_are_unimplemented[NamespaceService.Mkdir]" file="tests\test_transport.py" line="115" time="0.257" /><testcase classname="tests.test_transport" name="test_all_future_rpcs_are_unimplemented[NamespaceService.Rmdir]" file="tests\test_transport.py" line="115" time="0.255" /><testcase classname="tests.test_transport" name="test_all_future_rpcs_are_unimplemented[NamespaceService.Remove]" file="tests\test_transport.py" line="115" time="0.256" /><testcase classname="tests.test_transport" name="test_all_future_rpcs_are_unimplemented[UploadService.BeginUpload]" file="tests\test_transport.py" line="115" time="0.256" /><testcase classname="tests.test_transport" name="test_all_future_rpcs_are_unimplemented[UploadService.AllocateBlocks]" file="tests\test_transport.py" line="115" time="0.255" /><testcase classname="tests.test_transport" name="test_all_future_rpcs_are_unimplemented[UploadService.StageManifestPage]" file="tests\test_transport.py" line="115" time="0.255" /><testcase classname="tests.test_transport" name="test_all_future_rpcs_are_unimplemented[UploadService.SealManifest]" file="tests\test_transport.py" line="115" time="0.256" /><testcase classname="tests.test_transport" name="test_all_future_rpcs_are_unimplemented[UploadService.CommitUpload]" file="tests\test_transport.py" line="115" time="0.256" /><testcase classname="tests.test_transport" name="test_all_future_rpcs_are_unimplemented[UploadService.AbortUpload]" file="tests\test_transport.py" line="115" time="0.257" /><testcase classname="tests.test_transport" name="test_all_future_rpcs_are_unimplemented[UploadService.GetOperation]" file="tests\test_transport.py" line="115" time="0.256" /><testcase classname="tests.test_transport" name="test_all_future_rpcs_are_unimplemented[FileAccessService.Open]" file="tests\test_transport.py" line="115" time="0.255" /><testcase classname="tests.test_transport" name="test_all_future_rpcs_are_unimplemented[FileAccessService.Close]" file="tests\test_transport.py" line="115" time="0.263" /><testcase classname="tests.test_transport" name="test_all_future_rpcs_are_unimplemented[FileAccessService.RenewHandle]" file="tests\test_transport.py" line="115" time="0.256" /><testcase classname="tests.test_transport" name="test_all_future_rpcs_are_unimplemented[FileAccessService.BeginWrite]" file="tests\test_transport.py" line="115" time="0.256" /><testcase classname="tests.test_transport" name="test_all_future_rpcs_are_unimplemented[FileAccessService.CommitWrite]" file="tests\test_transport.py" line="115" time="0.257" /><testcase classname="tests.test_transport" name="test_all_future_rpcs_are_unimplemented[FileAccessService.AbortWrite]" file="tests\test_transport.py" line="115" time="0.256" /><testcase classname="tests.test_transport" name="test_all_future_rpcs_are_unimplemented[FileAccessService.Lock]" file="tests\test_transport.py" line="115" time="0.257" /><testcase classname="tests.test_transport" name="test_all_future_rpcs_are_unimplemented[FileAccessService.Unlock]" file="tests\test_transport.py" line="115" time="0.258" /><testcase classname="tests.test_transport" name="test_all_future_rpcs_are_unimplemented[FileAccessService.RenewLock]" file="tests\test_transport.py" line="115" time="0.257" /><testcase classname="tests.test_transport" name="test_all_future_rpcs_are_unimplemented[FileAccessService.ResolveBlocks]" file="tests\test_transport.py" line="115" time="0.257" /><testcase classname="tests.test_transport" name="test_all_future_rpcs_are_unimplemented[BlockService.PutBlock]" file="tests\test_transport.py" line="115" time="0.255" /><testcase classname="tests.test_transport" name="test_all_future_rpcs_are_unimplemented[BlockService.PatchBlock]" file="tests\test_transport.py" line="115" time="0.257" /><testcase classname="tests.test_transport" name="test_all_future_rpcs_are_unimplemented[BlockService.GetBlock]" file="tests\test_transport.py" line="115" time="0.255" /><testcase classname="tests.test_transport" name="test_all_future_rpcs_are_unimplemented[NodeRegistryService.RegisterNode]" file="tests\test_transport.py" line="115" time="0.259" /><testcase classname="tests.test_transport" name="test_all_future_rpcs_are_unimplemented[NodeRegistryService.Heartbeat]" file="tests\test_transport.py" line="115" time="0.258" /><testcase classname="tests.test_transport" name="test_all_future_rpcs_are_unimplemented[NodeRegistryService.BlockReport]" file="tests\test_transport.py" line="115" time="0.259" /><testcase classname="tests.test_transport" name="test_all_future_rpcs_are_unimplemented[NodeRegistryService.ReportDurable]" file="tests\test_transport.py" line="115" time="0.258" /><testcase classname="tests.test_transport" name="test_all_future_rpcs_are_unimplemented[NodeRegistryService.ReportTask]" file="tests\test_transport.py" line="115" time="0.259" /><testcase classname="tests.test_transport" name="test_all_future_rpcs_are_unimplemented[InternalAuthorizationService.AuthorizeBlock]" file="tests\test_transport.py" line="115" time="0.259" /><testcase classname="tests.test_transport" name="test_all_future_rpcs_are_unimplemented[InternalAuthorizationService.AuthorizeInternal]" file="tests\test_transport.py" line="115" time="0.258" /><testcase classname="tests.test_transport" name="test_all_future_rpcs_are_unimplemented[StorageAdministrationService.VerifyReceipt]" file="tests\test_transport.py" line="115" time="0.258" /><testcase classname="tests.test_transport" name="test_all_future_rpcs_are_unimplemented[StorageAdministrationService.ReplicateBlock]" file="tests\test_transport.py" line="115" time="0.259" /><testcase classname="tests.test_transport" name="test_all_future_rpcs_are_unimplemented[StorageAdministrationService.GetTask]" file="tests\test_transport.py" line="115" time="0.257" /><testcase classname="tests.test_transport" name="test_all_future_rpcs_are_unimplemented[StorageAdministrationService.DeleteRetiredBlock]" file="tests\test_transport.py" line="115" time="0.258" /><testcase classname="tests.test_transport" name="test_all_future_rpcs_are_unimplemented[ReplicaService.StoreReplica]" file="tests\test_transport.py" line="115" time="0.259" /><testcase classname="tests.test_transport" name="test_all_future_rpcs_are_unimplemented[ReplicaService.GetReplica]" file="tests\test_transport.py" line="115" time="0.362" /></testsuite></testsuites>