<?xml version="1.0" encoding="utf-8"?><testsuites name="pytest tests"><testsuite name="pytest" errors="0" failures="0" skipped="0" tests="100" time="395.431" timestamp="2026-09-10T22:55:41.012455-05:00" hostname="DESKTOP-S2N4JO9"><properties><property name="runtime_directory" value="F:\DFSha\.runtime\tests\5705e001-50a3-4335-b7e7-e5e33dc39ef3" /></properties><testcase classname="tests.test_contract_limits" name="test_manifest_page_and_maximum_write_fit_transport_budget" file="tests\test_contract_limits.py" line="7" time="0.018"><properties><property name="manifest_page_bytes" value="8399" /><property name="commit_write_bytes" value="7701" /></properties></testcase><testcase classname="tests.test_etcd" name="test_put_get_and_conditional_transactions" file="tests\test_etcd.py" line="68" time="2.647"><properties><property name="transaction" value="put/get; CAS accepted; stale CAS rejected; value unchanged" /></properties></testcase><testcase classname="tests.test_etcd" name="test_lease_creation_and_real_expiry" file="tests\test_etcd.py" line="90" time="2.290"><properties><property name="observed_expiry_seconds" value="2.235" /></properties></testcase><testcase classname="tests.test_etcd" name="test_lock_unlock_and_obsolete_ownership_rejected" file="tests\test_etcd.py" line="101" time="0.326"><properties><property name="fencing" value="create_revision compared inside Txn; obsolete owner rejected" /></properties></testcase><testcase classname="tests.test_etcd" name="test_watch_receives_real_event" file="tests\test_etcd.py" line="125" time="0.074"><properties><property name="watch_revision" value="11" /></properties></testcase><testcase classname="tests.test_etcd" name="test_mtls_identity_and_rbac_are_enforced" file="tests\test_etcd.py" line="147" time="0.392" /><testcase classname="tests.test_etcd" name="test_unavailable_service_has_controlled_error" file="tests\test_etcd.py" line="165" time="3.427"><properties><property name="controlled_unavailability" value="{&quot;status&quot;: &quot;FALLIDO&quot;, &quot;code&quot;: &quot;DEADLINE_EXCEEDED&quot;, &quot;reason&quot;: &quot;DEADLINE_EXCEEDED&quot;}" /></properties></testcase><testcase classname="tests.test_hito1" name="test_rf1_paths_permissions_pagination_cwd" file="tests\test_hito1.py" line="52" time="3.848" /><testcase classname="tests.test_hito1" name="test_binary_boundaries[0]" file="tests\test_hito1.py" line="84" time="2.699" /><testcase classname="tests.test_hito1" name="test_binary_boundaries[17]" file="tests\test_hito1.py" line="84" time="3.575" /><testcase classname="tests.test_hito1" name="test_binary_boundaries[4194303]" file="tests\test_hito1.py" line="84" time="4.593" /><testcase classname="tests.test_hito1" name="test_binary_boundaries[4194304]" file="tests\test_hito1.py" line="84" time="3.912" /><testcase classname="tests.test_hito1" name="test_binary_boundaries[4194305]" file="tests\test_hito1.py" line="84" time="4.658" /><testcase classname="tests.test_hito1" name="test_overwrite_snapshot_delete_idempotency" file="tests\test_hito1.py" line="97" time="6.063" /><testcase classname="tests.test_hito1" name="test_corruption_block_auth_and_credentials" file="tests\test_hito1.py" line="122" time="3.813" /><testcase classname="tests.test_hito1" name="test_restart_profile_preservation_and_missing_key" file="tests\test_hito1.py" line="150" time="11.182" /><testcase classname="tests.test_hito1" name="test_fault_recovery_and_lost_commit_response" file="tests\test_hito1.py" line="182" time="25.817" /><testcase classname="tests.test_hito1" name="test_interrupted_upload_space_and_future" file="tests\test_hito1.py" line="206" time="3.107" /><testcase classname="tests.test_hito1" name="test_large_profiles_boundaries[67108864]" file="tests\test_hito1.py" line="228" time="14.380" /><testcase classname="tests.test_hito1" name="test_large_profiles_boundaries[134217728]" file="tests\test_hito1.py" line="228" time="20.520" /><testcase classname="tests.test_hito1" name="test_reservations_remove_no_resurrection_and_revocation" file="tests\test_hito1.py" line="242" time="6.142" /><testcase classname="tests.test_hito1" name="test_cli_process_and_interactive_shell" file="tests\test_hito1.py" line="270" time="7.847" /><testcase classname="tests.test_hito1" name="test_renewals_long_name_and_parallel_snapshot_readers" file="tests\test_hito1.py" line="292" time="8.004" /><testcase classname="tests.test_hito2" name="test_distribution_roundtrip_copy_restart" file="tests\test_hito2.py" line="30" time="28.467"><properties>
[...]
</properties></testcase><testcase classname="tests.test_hito2" name="test_cli_process_and_unindexed_crash_recovery" file="tests\test_hito2.py" line="102" time="14.629" /><testcase classname="tests.test_hito2" name="test_namespace_snapshot_lost_commit_and_control_restart" file="tests\test_hito2.py" line="147" time="14.669" /><testcase classname="tests.test_hito2" name="test_profiles_boundaries_and_coexistence[4194304]" file="tests\test_hito2.py" line="168" time="25.283" /><testcase classname="tests.test_hito2" name="test_profiles_boundaries_and_coexistence[67108864]" file="tests\test_hito2.py" line="168" time="36.630" /><testcase classname="tests.test_hito2" name="test_profiles_boundaries_and_coexistence[134217728]" file="tests\test_hito2.py" line="168" time="45.677" /><testcase classname="tests.test_hito2" name="test_dynamic_fourth_node_reservations_and_unavailable" file="tests\test_hito2.py" line="198" time="20.336" /><testcase classname="tests.test_hito2" name="test_block_authentication_corruption_and_internal_roles" file="tests\test_hito2.py" line="243" time="12.326" /><testcase classname="tests.test_hito2" name="test_interruption_expiry_restart_and_late_receipts" file="tests\test_hito2.py" line="306" time="25.404" /><testcase classname="tests.test_hito2" name="test_control_outage_node_space_keys_and_forged_receipts" file="tests\test_hito2.py" line="358" time="15.703" /><testcase classname="tests.test_local_storage" name="test_sqlite_persistence_and_rollback_without_etcd" file="tests\test_local_storage.py" line="6" time="0.024" /><testcase classname="tests.test_security" name="test_authenticated_encryption_and_tamper_rejection" file="tests\test_security.py" line="9" time="0.000" /><testcase classname="tests.test_security" name="test_argon2id_password_verification" file="tests\test_security.py" line="21" time="0.060" /><testcase classname="tests.test_transport" name="test_separate_client_process_tls_and_bounded_stream[False]" file="tests\test_transport.py" line="23" time="0.853"><properties><property name="diagnostic" value="{&quot;status&quot;: &quot;EJECUTADO&quot;, &quot;version&quot;: &quot;0.3.0&quot;, &quot;listener&quot;: &quot;public&quot;, &quot;diagnostic_ready&quot;: true, &quot;filesystem_implemented&quot;: false, &quot;uploaded_bytes&quot;: 8388625, &quot;downloaded_bytes&quot;: 8388625, &quot;sha256&quot;: &quot;e31b61e09bc1fc5a20361509e968a8fb77f2f4b299a2abc3e40b881b5e889ffc&quot;, &quot;chunks&quot;: 33, &quot;max_chunk_bytes&quot;: 262144}" /></properties></testcase><testcase classname="tests.test_transport" name="test_separate_client_process_tls_and_bounded_stream[True]" file="tests\test_transport.py" line="23" time="0.576"><properties><property name="diagnostic" value="{&quot;status&quot;: &quot;EJECUTADO&quot;, &quot;version&quot;: &quot;0.3.0&quot;, &quot;listener&quot;: &quot;internal&quot;, &quot;diagnostic_ready&quot;: true, &quot;filesystem_implemented&quot;: false, &quot;uploaded_bytes&quot;: 8388625, &quot;downloaded_bytes&quot;: 8388625, &quot;sha256&quot;: &quot;e31b61e09bc1fc5a20361509e968a8fb77f2f4b299a2abc3e40b881b5e889ffc&quot;, &quot;chunks&quot;: 33, &quot;max_chunk_bytes&quot;: 262144}" /></properties></testcase><testcase classname="tests.test_transport" name="test_tls_rejects_untrusted_or_missing_certificate[public_target-None-rogue-ca]" file="tests\test_transport.py" line="42" time="0.005" /><testcase classname="tests.test_transport" name="test_tls_rejects_untrusted_or_missing_certificate[internal_target-None-ca]" file="tests\test_transport.py" line="42" time="0.006" /><testcase classname="tests.test_transport" name="test_tls_rejects_untrusted_or_missing_certificate[internal_target-rogue-client-ca]" file="tests\test_transport.py" line="42" time="0.007" /><testcase classname="tests.test_transport" name="test_tls_rejects_wrong_server_san" file="tests\test_transport.py" line="55" time="0.020" /><testcase classname="tests.test_transport" name="test_stream_rejects_invalid_input[missing_header-StatusCode.INVALID_ARGUMENT-INVALID_ARGUMENT]" file="tests\test_transport.py" line="72" time="0.257" /><testcase classname="tests.test_transport" name="test_stream_rejects_invalid_input[offset-StatusCode.INVALID_ARGUMENT-INVALID_ARGUMENT]" file="tests\test_transport.py" line="72" time="0.258" /><testcase classname="tests.test_transport" name="test_stream_rejects_invalid_input[oversized-StatusCode.RESOURCE_EXHAUSTED-LIMIT_EXCEEDED]" file="tests\test_transport.py" line="72" time="0.259" /><testcase classname="tests.test_transport" name="test_stream_rejects_invalid_input[checksum-StatusCode.DATA_LOSS-CHECKSUM_MISMATCH]" file="tests\test_transport.py" line="72" time="0.258" /><testcase classname="tests.test_transport" name="test_stream_rejects_invalid_input[short-StatusCode.INVALID_ARGUMENT-INVALID_ARGUMENT]" file="tests\test_transport.py" line="72" time="0.257" /><testcase classname="tests.test_transport" name="test_transport_message_limit" file="tests\test_transport.py" line="92" time="0.258" /><testcase classname="tests.test_transport" name="test_client_deadline_interrupts_stream" file="tests\test_transport.py" line="99" time="0.105" /><testcase classname="tests.test_transport" name="test_all_future_rpcs_are_unimplemented[AuthenticationService.Login]" file="tests\test_transport.py" line="115" time="0.257" /><testcase classname="tests.test_transport" name="test_all_future_rpcs_are_unimplemented[AuthenticationService.Logout]" file="tests\test_transport.py" line="115" time="0.258" /><testcase classname="tests.test_transport" name="test_all_future_rpcs_are_unimplemented[AuthenticationService.RefreshSession]" file="tests\test_transport.py" line="115" time="0.258" /><testcase classname="tests.test_transport" name="test_all_future_rpcs_are_unimplemented[IdentityService.CreateUser]" file="tests\test_transport.py" line="115" time="0.258" /><testcase classname="tests.test_transport" name="test_all_future_rpcs_are_unimplemented[IdentityService.SetUser]" file="tests\test_transport.py" line="115" time="0.257" /><testcase classname="tests.test_transport" name="test_all_future_rpcs_are_unimplemented[IdentityService.CreateGroup]" file="tests\test_transport.py" line="115" time="0.259" /><testcase classname="tests.test_transport" name="test_all_future_rpcs_are_unimplemented[IdentityService.SetGroupMembers]" file="tests\test_transport.py" line="115" time="0.258" /><testcase classname="tests.test_transport" name="test_all_future_rpcs_are_unimplemented[IdentityService.GetAcl]" file="tests\test_transport.py" line="115" time="0.256" /><testcase classname="tests.test_transport" name="test_all_future_rpcs_are_unimplemented[IdentityService.SetAcl]" file="tests\test_transport.py" line="115" time="0.258" /><testcase classname="tests.test_transport" name="test_all_future_rpcs_are_unimplemented[NamespaceService.List]" file="tests\test_transport.py" line="115" time="0.258" /><testcase classname="tests.test_transport" name="test_all_future_rpcs_are_unimplemented[NamespaceService.Stat]" file="tests\test_transport.py" line="115" time="0.257" /><testcase classname="tests.test_transport" name="test_all_future_rpcs_are_unimplemented[NamespaceService.Mkdir]" file="tests\test_transport.py" line="115" time="0.260" /><testcase classname="tests.test_transport" name="test_all_future_rpcs_are_unimplemented[NamespaceService.Rmdir]" file="tests\test_transport.py" line="115" time="0.257" /><testcase classname="tests.test_transport" name="test_all_future_rpcs_are_unimplemented[NamespaceService.Remove]" file="tests\test_transport.py" line="115" time="0.258" /><testcase classname="tests.test_transport" name="test_all_future_rpcs_are_unimplemented[UploadService.BeginUpload]" file="tests\test_transport.py" line="115" time="0.258" /><testcase classname="tests.test_transport" name="test_all_future_rpcs_are_unimplemented[UploadService.AllocateBlocks]" file="tests\test_transport.py" line="115" time="0.258" /><testcase classname="tests.test_transport" name="test_all_future_rpcs_are_unimplemented[UploadService.StageManifestPage]" file="tests\test_transport.py" line="115" time="0.258" /><testcase classname="tests.test_transport" name="test_all_future_rpcs_are_unimplemented[UploadService.SealManifest]" file="tests\test_transport.py" line="115" time="0.258" /><testcase classname="tests.test_transport" name="test_all_future_rpcs_are_unimplemented[UploadService.CommitUpload]" file="tests\test_transport.py" line="115" time="0.258" /><testcase classname="tests.test_transport" name="test_all_future_rpcs_are_unimplemented[UploadService.AbortUpload]" file="tests\test_transport.py" line="115" time="0.259" /><testcase classname="tests.test_transport" name="test_all_future_rpcs_are_unimplemented[UploadService.GetOperation]" file="tests\test_transport.py" line="115" time="0.257" /><testcase classname="tests.test_transport" name="test_all_future_rpcs_are_unimplemented[UploadService.RenewUpload]" file="tests\test_transport.py" line="115" time="0.257" /><testcase classname="tests.test_transport" name="test_all_future_rpcs_are_unimplemented[FileAccessService.Open]" file="tests\test_transport.py" line="115" time="0.258" /><testcase classname="tests.test_transport" name="test_all_future_rpcs_are_unimplemented[FileAccessService.Close]" file="tests\test_transport.py" line="115" time="0.258" /><testcase classname="tests.test_transport" name="test_all_future_rpcs_are_unimplemented[FileAccessService.RenewHandle]" file="tests\test_transport.py" line="115" time="0.258" /><testcase classname="tests.test_transport" name="test_all_future_rpcs_are_unimplemented[FileAccessService.BeginWrite]" file="tests\test_transport.py" line="115" time="0.258" /><testcase classname="tests.test_transport" name="test_all_future_rpcs_are_unimplemented[FileAccessService.CommitWrite]" file="tests\test_transport.py" line="115" time="0.257" /><testcase classname="tests.test_transport" name="test_all_future_rpcs_are_unimplemented[FileAccessService.AbortWrite]" file="tests\test_transport.py" line="115" time="0.258" /><testcase classname="tests.test_transport" name="test_all_future_rpcs_are_unimplemented[FileAccessService.Lock]" file="tests\test_transport.py" line="115" time="0.258" /><testcase classname="tests.test_transport" name="test_all_future_rpcs_are_unimplemented[FileAccessService.Unlock]" file="tests\test_transport.py" line="115" time="0.258" /><testcase classname="tests.test_transport" name="test_all_future_rpcs_are_unimplemented[FileAccessService.RenewLock]" file="tests\test_transport.py" line="115" time="0.259" /><testcase classname="tests.test_transport" name="test_all_future_rpcs_are_unimplemented[FileAccessService.ResolveBlocks]" file="tests\test_transport.py" line="115" time="0.258" /><testcase classname="tests.test_transport" name="test_all_future_rpcs_are_unimplemented[BlockService.PutBlock]" file="tests\test_transport.py" line="115" time="0.260" /><testcase classname="tests.test_transport" name="test_all_future_rpcs_are_unimplemented[BlockService.PatchBlock]" file="tests\test_transport.py" line="115" time="0.258" /><testcase classname="tests.test_transport" name="test_all_future_rpcs_are_unimplemented[BlockService.GetBlock]" file="tests\test_transport.py" line="115" time="0.258" /><testcase classname="tests.test_transport" name="test_all_future_rpcs_are_unimplemented[ClusterAdministrationService.ListNodes]" file="tests\test_transport.py" line="115" time="0.258" /><testcase classname="tests.test_transport" name="test_all_future_rpcs_are_unimplemented[ClusterAdministrationService.CopyBlock]" file="tests\test_transport.py" line="115" time="0.258" /><testcase classname="tests.test_transport" name="test_all_future_rpcs_are_unimplemented[ClusterAdministrationService.CopyStatus]" file="tests\test_transport.py" line="115" time="0.257" /><testcase classname="tests.test_transport" name="test_all_future_rpcs_are_unimplemented[NodeRegistryService.RegisterNode]" file="tests\test_transport.py" line="115" time="0.261" /><testcase classname="tests.test_transport" name="test_all_future_rpcs_are_unimplemented[NodeRegistryService.Heartbeat]" file="tests\test_transport.py" line="115" time="0.261" /><testcase classname="tests.test_transport" name="test_all_future_rpcs_are_unimplemented[NodeRegistryService.BlockReport]" file="tests\test_transport.py" line="115" time="0.260" /><testcase classname="tests.test_transport" name="test_all_future_rpcs_are_unimplemented[NodeRegistryService.ReportDurable]" file="tests\test_transport.py" line="115" time="0.261" /><testcase classname="tests.test_transport" name="test_all_future_rpcs_are_unimplemented[NodeRegistryService.ReportTask]" file="tests\test_transport.py" line="115" time="0.261" /><testcase classname="tests.test_transport" name="test_all_future_rpcs_are_unimplemented[InternalAuthorizationService.AuthorizeBlock]" file="tests\test_transport.py" line="115" time="0.260" /><testcase classname="tests.test_transport" name="test_all_future_rpcs_are_unimplemented[InternalAuthorizationService.AuthorizeInternal]" file="tests\test_transport.py" line="115" time="0.260" /><testcase classname="tests.test_transport" name="test_all_future_rpcs_are_unimplemented[StorageAdministrationService.VerifyReceipt]" file="tests\test_transport.py" line="115" time="0.261" /><testcase classname="tests.test_transport" name="test_all_future_rpcs_are_unimplemented[StorageAdministrationService.ReplicateBlock]" file="tests\test_transport.py" line="115" time="0.260" /><testcase classname="tests.test_transport" name="test_all_future_rpcs_are_unimplemented[StorageAdministrationService.GetTask]" file="tests\test_transport.py" line="115" time="0.261" /><testcase classname="tests.test_transport" name="test_all_future_rpcs_are_unimplemented[StorageAdministrationService.DeleteRetiredBlock]" file="tests\test_transport.py" line="115" time="0.260" /><testcase classname="tests.test_transport" name="test_all_future_rpcs_are_unimplemented[ReplicaService.StoreReplica]" file="tests\test_transport.py" line="115" time="0.261" /><testcase classname="tests.test_transport" name="test_all_future_rpcs_are_unimplemented[ReplicaService.GetReplica]" file="tests\test_transport.py" line="115" time="0.351" /></testsuite></testsuites>