<?xml version="1.0" encoding="utf-8"?><testsuites name="pytest tests"><testsuite name="pytest" errors="0" failures="0" skipped="0" tests="114" time="594.641" timestamp="2026-09-11T05:31:45.950523-05:00" hostname="DESKTOP-S2N4JO9"><properties><property name="runtime_directory" value="F:\DFSha\.runtime\tests\abdb7998-5913-4b65-84c5-9f7498f31fe2" /></properties><testcase classname="tests.test_contract_limits" name="test_manifest_page_and_maximum_write_fit_transport_budget" file="tests\test_contract_limits.py" line="7" time="0.001"><properties><property name="manifest_page_bytes" value="8399" /><property name="commit_write_bytes" value="7701" /></properties></testcase><testcase classname="tests.test_etcd" name="test_put_get_and_conditional_transactions" file="tests\test_etcd.py" line="68" time="2.739"><properties><property name="transaction" value="put/get; CAS accepted; stale CAS rejected; value unchanged" /></properties></testcase><testcase classname="tests.test_etcd" name="test_lease_creation_and_real_expiry" file="tests\test_etcd.py" line="90" time="2.366"><properties><property name="observed_expiry_seconds" value="2.25" /></properties></testcase><testcase classname="tests.test_etcd" name="test_lock_unlock_and_obsolete_ownership_rejected" file="tests\test_etcd.py" line="101" time="0.543"><properties><property name="fencing" value="create_revision compared inside Txn; obsolete owner rejected" /></properties></testcase><testcase classname="tests.test_etcd" name="test_watch_receives_real_event" file="tests\test_etcd.py" line="125" time="0.099"><properties><property name="watch_revision" value="11" /></properties></testcase><testcase classname="tests.test_etcd" name="test_mtls_identity_and_rbac_are_enforced" file="tests\test_etcd.py" line="147" time="0.402" /><testcase classname="tests.test_etcd" name="test_unavailable_service_has_controlled_error" file="tests\test_etcd.py" line="165" time="3.532"><properties><property name="controlled_unavailability" value="{&quot;status&quot;: &quot;FALLIDO&quot;, &quot;code&quot;: &quot;DEADLINE_EXCEEDED&quot;, &quot;reason&quot;: &quot;DEADLINE_EXCEEDED&quot;}" /></properties></testcase><testcase classname="tests.test_hito1" name="test_rf1_paths_permissions_pagination_cwd" file="tests\test_hito1.py" line="52" time="2.989" /><testcase classname="tests.test_hito1" name="test_binary_boundaries[0]" file="tests\test_hito1.py" line="84" time="1.999" /><testcase classname="tests.test_hito1" name="test_binary_boundaries[17]" file="tests\test_hito1.py" line="84" time="2.929" /><testcase classname="tests.test_hito1" name="test_binary_boundaries[4194303]" file="tests\test_hito1.py" line="84" time="3.310" /><testcase classname="tests.test_hito1" name="test_binary_boundaries[4194304]" file="tests\test_hito1.py" line="84" time="3.121" /><testcase classname="tests.test_hito1" name="test_binary_boundaries[4194305]" file="tests\test_hito1.py" line="84" time="3.979" /><testcase classname="tests.test_hito1" name="test_overwrite_snapshot_delete_idempotency" file="tests\test_hito1.py" line="97" time="6.795" /><testcase classname="tests.test_hito1" name="test_corruption_block_auth_and_credentials" file="tests\test_hito1.py" line="122" time="3.418" /><testcase classname="tests.test_hito1" name="test_restart_profile_preservation_and_missing_key" file="tests\test_hito1.py" line="150" time="9.302" /><testcase classname="tests.test_hito1" name="test_fault_recovery_and_lost_commit_response" file="tests\test_hito1.py" line="182" time="25.628" /><testcase classname="tests.test_hito1" name="test_interrupted_upload_space_and_future" file="tests\test_hito1.py" line="206" time="2.685" /><testcase classname="tests.test_hito1" name="test_large_profiles_boundaries[67108864]" file="tests\test_hito1.py" line="228" time="11.910" /><testcase classname="tests.test_hito1" name="test_large_profiles_boundaries[134217728]" file="tests\test_hito1.py" line="228" time="17.197" /><testcase classname="tests.test_hito1" name="test_reservations_remove_no_resurrection_and_revocation" file="tests\test_hito1.py" line="242" time="5.395" /><testcase classname="tests.test_hito1" name="test_cli_process_and_interactive_shell" file="tests\test_hito1.py" line="270" time="6.835" /><testcase classname="tests.test_hito1" name="test_renewals_long_name_and_parallel_snapshot_readers" file="tests\test_hito1.py" line="292" time="6.704" /><testcase classname="tests.test_hito2" name="test_distribution_roundtrip_copy_restart" file="tests\test_hito2.py" line="30" time="26.980"><properties>
[...]
</properties></testcase><testcase classname="tests.test_hito2" name="test_cli_process_and_unindexed_crash_recovery" file="tests\test_hito2.py" line="102" time="13.811" /><testcase classname="tests.test_hito2" name="test_namespace_snapshot_lost_commit_and_control_restart" file="tests\test_hito2.py" line="147" time="15.205" /><testcase classname="tests.test_hito2" name="test_profiles_boundaries_and_coexistence[4194304]" file="tests\test_hito2.py" line="168" time="25.659" /><testcase classname="tests.test_hito2" name="test_profiles_boundaries_and_coexistence[67108864]" file="tests\test_hito2.py" line="168" time="31.383" /><testcase classname="tests.test_hito2" name="test_profiles_boundaries_and_coexistence[134217728]" file="tests\test_hito2.py" line="168" time="42.233" /><testcase classname="tests.test_hito2" name="test_dynamic_fourth_node_reservations_and_unavailable" file="tests\test_hito2.py" line="198" time="20.463" /><testcase classname="tests.test_hito2" name="test_block_authentication_corruption_and_internal_roles" file="tests\test_hito2.py" line="243" time="12.189" /><testcase classname="tests.test_hito2" name="test_interruption_expiry_restart_and_late_receipts" file="tests\test_hito2.py" line="306" time="24.876" /><testcase classname="tests.test_hito2" name="test_control_outage_node_space_keys_and_forged_receipts" file="tests\test_hito2.py" line="358" time="14.949" /><testcase classname="tests.test_local_storage" name="test_sqlite_persistence_and_rollback_without_etcd" file="tests\test_local_storage.py" line="6" time="0.020" /><testcase classname="tests.test_security" name="test_authenticated_encryption_and_tamper_rejection" file="tests\test_security.py" line="9" time="0.000" /><testcase classname="tests.test_security" name="test_argon2id_password_verification" file="tests\test_security.py" line="21" time="0.041" /><testcase classname="tests.test_stage5" name="test_modes_ranges_and_atomic_patch" file="tests\test_stage5.py" line="30" time="17.795" /><testcase classname="tests.test_stage5" name="test_parallel_disjoint_merge_and_conflict" file="tests\test_stage5.py" line="77" time="20.310"><properties><property name="parallel_preparation" value="two barriers; both durable preparations before either commit; [A1,B1]" /><property name="delta_bytes" value="8192" /><property name="control_content_bytes" value="0" /></properties></testcase><testcase classname="tests.test_stage5" name="test_multiblock_atomic_abort_and_idempotency" file="tests\test_stage5.py" line="132" time="20.019" /><testcase classname="tests.test_stage5" name="test_fencing_successor_restart_and_persistent_result" file="tests\test_stage5.py" line="158" time="20.692" /><testcase classname="tests.test_stage5" name="test_growth_read_serialization_tombstone_and_permissions" file="tests\test_stage5.py" line="194" time="21.881" /><testcase classname="tests.test_stage5" name="test_profile_boundary_small_delta[4194304]" file="tests\test_stage5.py" line="249" time="12.839"><properties><property name="block_size_bytes" value="4194304" /><property name="delta_client_write_bytes" value="6" /></properties></testcase><testcase classname="tests.test_stage5" name="test_profile_boundary_small_delta[67108864]" file="tests\test_stage5.py" line="249" time="20.358"><properties><property name="block_size_bytes" value="67108864" /><property name="delta_client_write_bytes" value="6" /></properties></testcase><testcase classname="tests.test_stage5" name="test_profile_boundary_small_delta[134217728]" file="tests\test_stage5.py" line="249" time="22.557"><properties><property name="block_size_bytes" value="134217728" /><property name="delta_client_write_bytes" value="6" /></properties></testcase><testcase classname="tests.test_stage5" name="test_remote_base_copy_capacity_and_partial_authorization" file="tests\test_stage5.py" line="277" time="13.120"><properties><property name="remote_base" value="source stopped; destination serves patched object" /><property name="replica_ciphertext_bytes" value="4195034" /><property name="client_delta_bytes" value="5" /></properties></testcase><testcase classname="tests.test_stage5" name="test_patch_failures_and_restart_before_publication" file="tests\test_stage5.py" line="330" time="27.466" /><testcase classname="tests.test_stage5" name="test_full_locks_overwrite_and_cli" file="tests\test_stage5.py" line="397" time="25.129" /><testcase classname="tests.test_stage5" name="test_monotonic_gc_and_reservation_ignore_wall_hints" file="tests\test_stage5.py" line="445" time="3.274" /><testcase classname="tests.test_transport" name="test_separate_client_process_tls_and_bounded_stream[False]" file="tests\test_transport.py" line="23" time="0.744"><properties><property name="diagnostic" value="{&quot;status&quot;: &quot;EJECUTADO&quot;, &quot;version&quot;: &quot;0.3.0&quot;, &quot;listener&quot;: &quot;public&quot;, &quot;diagnostic_ready&quot;: true, &quot;filesystem_implemented&quot;: false, &quot;uploaded_bytes&quot;: 8388625, &quot;downloaded_bytes&quot;: 8388625, &quot;sha256&quot;: &quot;e31b61e09bc1fc5a20361509e968a8fb77f2f4b299a2abc3e40b881b5e889ffc&quot;, &quot;chunks&quot;: 33, &quot;max_chunk_bytes&quot;: 262144}" /></properties></testcase><testcase classname="tests.test_transport" name="test_separate_client_process_tls_and_bounded_stream[True]" file="tests\test_transport.py" line="23" time="0.507"><properties><property name="diagnostic" value="{&quot;status&quot;: &quot;EJECUTADO&quot;, &quot;version&quot;: &quot;0.3.0&quot;, &quot;listener&quot;: &quot;internal&quot;, &quot;diagnostic_ready&quot;: true, &quot;filesystem_implemented&quot;: false, &quot;uploaded_bytes&quot;: 8388625, &quot;downloaded_bytes&quot;: 8388625, &quot;sha256&quot;: &quot;e31b61e09bc1fc5a20361509e968a8fb77f2f4b299a2abc3e40b881b5e889ffc&quot;, &quot;chunks&quot;: 33, &quot;max_chunk_bytes&quot;: 262144}" /></properties></testcase><testcase classname="tests.test_transport" name="test_tls_rejects_untrusted_or_missing_certificate[public_target-None-rogue-ca]" file="tests\test_transport.py" line="42" time="0.004" /><testcase classname="tests.test_transport" name="test_tls_rejects_untrusted_or_missing_certificate[internal_target-None-ca]" file="tests\test_transport.py" line="42" time="0.003" /><testcase classname="tests.test_transport" name="test_tls_rejects_untrusted_or_missing_certificate[internal_target-rogue-client-ca]" file="tests\test_transport.py" line="42" time="0.005" /><testcase classname="tests.test_transport" name="test_tls_rejects_wrong_server_san" file="tests\test_transport.py" line="55" time="0.022" /><testcase classname="tests.test_transport" name="test_stream_rejects_invalid_input[missing_header-StatusCode.INVALID_ARGUMENT-INVALID_ARGUMENT]" file="tests\test_transport.py" line="72" time="0.262" /><testcase classname="tests.test_transport" name="test_stream_rejects_invalid_input[offset-StatusCode.INVALID_ARGUMENT-INVALID_ARGUMENT]" file="tests\test_transport.py" line="72" time="0.264" /><testcase classname="tests.test_transport" name="test_stream_rejects_invalid_input[oversized-StatusCode.RESOURCE_EXHAUSTED-LIMIT_EXCEEDED]" file="tests\test_transport.py" line="72" time="0.266" /><testcase classname="tests.test_transport" name="test_stream_rejects_invalid_input[checksum-StatusCode.DATA_LOSS-CHECKSUM_MISMATCH]" file="tests\test_transport.py" line="72" time="0.262" /><testcase classname="tests.test_transport" name="test_stream_rejects_invalid_input[short-StatusCode.INVALID_ARGUMENT-INVALID_ARGUMENT]" file="tests\test_transport.py" line="72" time="0.263" /><testcase classname="tests.test_transport" name="test_transport_message_limit" file="tests\test_transport.py" line="92" time="0.264" /><testcase classname="tests.test_transport" name="test_client_deadline_interrupts_stream" file="tests\test_transport.py" line="99" time="0.107" /><testcase classname="tests.test_transport" name="test_all_future_rpcs_are_unimplemented[AuthenticationService.Login]" file="tests\test_transport.py" line="115" time="0.266" /><testcase classname="tests.test_transport" name="test_all_future_rpcs_are_unimplemented[AuthenticationService.Logout]" file="tests\test_transport.py" line="115" time="0.264" /><testcase classname="tests.test_transport" name="test_all_future_rpcs_are_unimplemented[AuthenticationService.RefreshSession]" file="tests\test_transport.py" line="115" time="0.262" /><testcase classname="tests.test_transport" name="test_all_future_rpcs_are_unimplemented[IdentityService.CreateUser]" file="tests\test_transport.py" line="115" time="0.262" /><testcase classname="tests.test_transport" name="test_all_future_rpcs_are_unimplemented[IdentityService.SetUser]" file="tests\test_transport.py" line="115" time="0.263" /><testcase classname="tests.test_transport" name="test_all_future_rpcs_are_unimplemented[IdentityService.CreateGroup]" file="tests\test_transport.py" line="115" time="0.264" /><testcase classname="tests.test_transport" name="test_all_future_rpcs_are_unimplemented[IdentityService.SetGroupMembers]" file="tests\test_transport.py" line="115" time="0.263" /><testcase classname="tests.test_transport" name="test_all_future_rpcs_are_unimplemented[IdentityService.GetAcl]" file="tests\test_transport.py" line="115" time="0.266" /><testcase classname="tests.test_transport" name="test_all_future_rpcs_are_unimplemented[IdentityService.SetAcl]" file="tests\test_transport.py" line="115" time="0.265" /><testcase classname="tests.test_transport" name="test_all_future_rpcs_are_unimplemented[NamespaceService.List]" file="tests\test_transport.py" line="115" time="0.263" /><testcase classname="tests.test_transport" name="test_all_future_rpcs_are_unimplemented[NamespaceService.Stat]" file="tests\test_transport.py" line="115" time="0.262" /><testcase classname="tests.test_transport" name="test_all_future_rpcs_are_unimplemented[NamespaceService.Mkdir]" file="tests\test_transport.py" line="115" time="0.266" /><testcase classname="tests.test_transport" name="test_all_future_rpcs_are_unimplemented[NamespaceService.Rmdir]" file="tests\test_transport.py" line="115" time="0.260" /><testcase classname="tests.test_transport" name="test_all_future_rpcs_are_unimplemented[NamespaceService.Remove]" file="tests\test_transport.py" line="115" time="0.263" /><testcase classname="tests.test_transport" name="test_all_future_rpcs_are_unimplemented[UploadService.BeginUpload]" file="tests\test_transport.py" line="115" time="0.263" /><testcase classname="tests.test_transport" name="test_all_future_rpcs_are_unimplemented[UploadService.AllocateBlocks]" file="tests\test_transport.py" line="115" time="0.266" /><testcase classname="tests.test_transport" name="test_all_future_rpcs_are_unimplemented[UploadService.StageManifestPage]" file="tests\test_transport.py" line="115" time="0.266" /><testcase classname="tests.test_transport" name="test_all_future_rpcs_are_unimplemented[UploadService.SealManifest]" file="tests\test_transport.py" line="115" time="0.264" /><testcase classname="tests.test_transport" name="test_all_future_rpcs_are_unimplemented[UploadService.CommitUpload]" file="tests\test_transport.py" line="115" time="0.266" /><testcase classname="tests.test_transport" name="test_all_future_rpcs_are_unimplemented[UploadService.AbortUpload]" file="tests\test_transport.py" line="115" time="0.266" /><testcase classname="tests.test_transport" name="test_all_future_rpcs_are_unimplemented[UploadService.GetOperation]" file="tests\test_transport.py" line="115" time="0.266" /><testcase classname="tests.test_transport" name="test_all_future_rpcs_are_unimplemented[UploadService.RenewUpload]" file="tests\test_transport.py" line="115" time="0.263" /><testcase classname="tests.test_transport" name="test_all_future_rpcs_are_unimplemented[FileAccessService.Open]" file="tests\test_transport.py" line="115" time="0.263" /><testcase classname="tests.test_transport" name="test_all_future_rpcs_are_unimplemented[FileAccessService.Close]" file="tests\test_transport.py" line="115" time="0.265" /><testcase classname="tests.test_transport" name="test_all_future_rpcs_are_unimplemented[FileAccessService.RenewHandle]" file="tests\test_transport.py" line="115" time="0.263" /><testcase classname="tests.test_transport" name="test_all_future_rpcs_are_unimplemented[FileAccessService.BeginWrite]" file="tests\test_transport.py" line="115" time="0.266" /><testcase classname="tests.test_transport" name="test_all_future_rpcs_are_unimplemented[FileAccessService.CommitWrite]" file="tests\test_transport.py" line="115" time="0.264" /><testcase classname="tests.test_transport" name="test_all_future_rpcs_are_unimplemented[FileAccessService.AbortWrite]" file="tests\test_transport.py" line="115" time="0.264" /><testcase classname="tests.test_transport" name="test_all_future_rpcs_are_unimplemented[FileAccessService.Lock]" file="tests\test_transport.py" line="115" time="0.268" /><testcase classname="tests.test_transport" name="test_all_future_rpcs_are_unimplemented[FileAccessService.Unlock]" file="tests\test_transport.py" line="115" time="0.266" /><testcase classname="tests.test_transport" name="test_all_future_rpcs_are_unimplemented[FileAccessService.RenewLock]" file="tests\test_transport.py" line="115" time="0.265" /><testcase classname="tests.test_transport" name="test_all_future_rpcs_are_unimplemented[FileAccessService.ResolveBlocks]" file="tests\test_transport.py" line="115" time="0.264" /><testcase classname="tests.test_transport" name="test_all_future_rpcs_are_unimplemented[FileAccessService.BeginRead]" file="tests\test_transport.py" line="115" time="0.265" /><testcase classname="tests.test_transport" name="test_all_future_rpcs_are_unimplemented[FileAccessService.EndRead]" file="tests\test_transport.py" line="115" time="0.263" /><testcase classname="tests.test_transport" name="test_all_future_rpcs_are_unimplemented[BlockService.PutBlock]" file="tests\test_transport.py" line="115" time="0.262" /><testcase classname="tests.test_transport" name="test_all_future_rpcs_are_unimplemented[BlockService.PatchBlock]" file="tests\test_transport.py" line="115" time="0.261" /><testcase classname="tests.test_transport" name="test_all_future_rpcs_are_unimplemented[BlockService.GetBlock]" file="tests\test_transport.py" line="115" time="0.262" /><testcase classname="tests.test_transport" name="test_all_future_rpcs_are_unimplemented[ClusterAdministrationService.ListNodes]" file="tests\test_transport.py" line="115" time="0.260" /><testcase classname="tests.test_transport" name="test_all_future_rpcs_are_unimplemented[ClusterAdministrationService.CopyBlock]" file="tests\test_transport.py" line="115" time="0.264" /><testcase classname="tests.test_transport" name="test_all_future_rpcs_are_unimplemented[ClusterAdministrationService.CopyStatus]" file="tests\test_transport.py" line="115" time="0.265" /><testcase classname="tests.test_transport" name="test_all_future_rpcs_are_unimplemented[NodeRegistryService.RegisterNode]" file="tests\test_transport.py" line="115" time="0.269" /><testcase classname="tests.test_transport" name="test_all_future_rpcs_are_unimplemented[NodeRegistryService.Heartbeat]" file="tests\test_transport.py" line="115" time="0.265" /><testcase classname="tests.test_transport" name="test_all_future_rpcs_are_unimplemented[NodeRegistryService.BlockReport]" file="tests\test_transport.py" line="115" time="0.264" /><testcase classname="tests.test_transport" name="test_all_future_rpcs_are_unimplemented[NodeRegistryService.ReportDurable]" file="tests\test_transport.py" line="115" time="0.265" /><testcase classname="tests.test_transport" name="test_all_future_rpcs_are_unimplemented[NodeRegistryService.ReportTask]" file="tests\test_transport.py" line="115" time="0.261" /><testcase classname="tests.test_transport" name="test_all_future_rpcs_are_unimplemented[InternalAuthorizationService.AuthorizeBlock]" file="tests\test_transport.py" line="115" time="0.263" /><testcase classname="tests.test_transport" name="test_all_future_rpcs_are_unimplemented[InternalAuthorizationService.AuthorizeInternal]" file="tests\test_transport.py" line="115" time="0.262" /><testcase classname="tests.test_transport" name="test_all_future_rpcs_are_unimplemented[StorageAdministrationService.VerifyReceipt]" file="tests\test_transport.py" line="115" time="0.262" /><testcase classname="tests.test_transport" name="test_all_future_rpcs_are_unimplemented[StorageAdministrationService.ReplicateBlock]" file="tests\test_transport.py" line="115" time="0.263" /><testcase classname="tests.test_transport" name="test_all_future_rpcs_are_unimplemented[StorageAdministrationService.GetTask]" file="tests\test_transport.py" line="115" time="0.263" /><testcase classname="tests.test_transport" name="test_all_future_rpcs_are_unimplemented[StorageAdministrationService.DeleteRetiredBlock]" file="tests\test_transport.py" line="115" time="0.264" /><testcase classname="tests.test_transport" name="test_all_future_rpcs_are_unimplemented[ReplicaService.StoreReplica]" file="tests\test_transport.py" line="115" time="0.262" /><testcase classname="tests.test_transport" name="test_all_future_rpcs_are_unimplemented[ReplicaService.GetReplica]" file="tests\test_transport.py" line="115" time="0.352" /></testsuite></testsuites>