<?xml version="1.0" encoding="utf-8"?><testsuites name="pytest tests"><testsuite name="pytest" errors="0" failures="0" skipped="0" tests="3" time="124.833" timestamp="2026-09-11T15:19:32.204514-05:00" hostname="DESKTOP-S2N4JO9"><properties><property name="runtime_directory" value="F:\DFSha\.runtime\tests\c7733ce4-f3b9-49c8-a2af-25e0d26ba732" /></properties><testcase classname="tests.test_stage6" name="test_multiblock_insufficient_atomic_and_stale_fencing" file="tests\test_stage6.py" line="105" time="39.412" /><testcase classname="tests.test_stage6" name="test_old_maintenance_callback_and_duplicate_receipt" file="tests\test_stage6.py" line="314" time="37.091" /><testcase classname="tests.test_stage6" name="test_expired_writer_with_two_copies" file="tests\test_stage6.py" line="351" time="48.129" /></testsuite></testsuites>